<?xml version="1.0" encoding="UTF-8"?>
<testsuite xmlns:xsi="http://www.w3.org/2001/XMLSchema-instance" xsi:noNamespaceSchemaLocation="https://maven.apache.org/surefire/maven-surefire-plugin/xsd/surefire-test-report-3.0.xsd" version="3.0" name="test.java.com.mycompany.app.AppTest" time="0.093" tests="5" errors="0" skipped="0" failures="0">
  <properties>
[...]
</properties>
  <testcase name="testMultiplication" classname="test.java.com.mycompany.app.AppTest" time="0.049"/>
  <testcase name="testAddition" classname="test.java.com.mycompany.app.AppTest" time="0.001"/>
  <testcase name="testDivisionByZero" classname="test.java.com.mycompany.app.AppTest" time="0.003"/>
  <testcase name="testDivision" classname="test.java.com.mycompany.app.AppTest" time="0.001"/>
  <testcase name="testSubtraction" classname="test.java.com.mycompany.app.AppTest" time="0.004"/>
</testsuite>